2013-07-03 01:31:32 Error: [MissingControllerException] Controller class NoticiasController could not be found.
Exception Attributes: array (
  'class' => 'NoticiasController',
  'plugin' => NULL,
)
Request URL: /hangout/base/
Stack Trace:
#0 /opt/lampp/htdocs/hangout/base/app/webroot/index.php(109): Dispatcher->dispatch(Object(CakeRequest), Object(CakeResponse))
#1 {main}
2013-07-03 01:32:46 Error: [MissingActionException] Action NoticiasController::index() could not be found.
Exception Attributes: array (
  'controller' => 'NoticiasController',
  'action' => 'index',
)
Request URL: /hangout/base/
Stack Trace:
#0 /opt/lampp/htdocs/hangout/base/lib/Cake/Routing/Dispatcher.php(187): Controller->invokeAction(Object(CakeRequest))
#1 /opt/lampp/htdocs/hangout/base/lib/Cake/Routing/Dispatcher.php(162): Dispatcher->_invoke(Object(NoticiasController), Object(CakeRequest), Object(CakeResponse))
#2 /opt/lampp/htdocs/hangout/base/app/webroot/index.php(109): Dispatcher->dispatch(Object(CakeRequest), Object(CakeResponse))
#3 {main}
2013-07-03 01:33:18 Error: [MissingViewException] View file "/opt/lampp/htdocs/hangout/base/app/View/Noticias/index.ctp" is missing.
Exception Attributes: array (
  'file' => '/opt/lampp/htdocs/hangout/base/app/View/Noticias/index.ctp',
)
Request URL: /hangout/base/
Stack Trace:
#0 /opt/lampp/htdocs/hangout/base/lib/Cake/View/View.php(468): View->_getViewFileName(NULL)
#1 /opt/lampp/htdocs/hangout/base/lib/Cake/Controller/Controller.php(948): View->render(NULL, NULL)
#2 /opt/lampp/htdocs/hangout/base/lib/Cake/Routing/Dispatcher.php(194): Controller->render()
#3 /opt/lampp/htdocs/hangout/base/lib/Cake/Routing/Dispatcher.php(162): Dispatcher->_invoke(Object(NoticiasController), Object(CakeRequest), Object(CakeResponse))
#4 /opt/lampp/htdocs/hangout/base/app/webroot/index.php(109): Dispatcher->dispatch(Object(CakeRequest), Object(CakeResponse))
#5 {main}
2013-07-03 01:37:35 Error: [MissingTableException] Table noticias for model Noticia was not found in datasource default.
Exception Attributes: array (
  'table' => 'noticias',
  'class' => 'Noticia',
  'ds' => 'default',
)
Request URL: /hangout/base/
Stack Trace:
#0 /opt/lampp/htdocs/hangout/base/lib/Cake/Model/Model.php(3243): Model->setSource('noticias')
#1 /opt/lampp/htdocs/hangout/base/lib/Cake/Model/Model.php(1319): Model->getDataSource()
#2 /opt/lampp/htdocs/hangout/base/lib/Cake/View/Helper/FormHelper.php(198): Model->schema()
#3 /opt/lampp/htdocs/hangout/base/lib/Cake/View/Helper/FormHelper.php(448): FormHelper->_introspectModel('Noticia', 'fields')
#4 /opt/lampp/htdocs/hangout/base/app/View/Noticias/index.ctp(4): FormHelper->create('Noticia')
#5 /opt/lampp/htdocs/hangout/base/lib/Cake/View/View.php(947): include('/opt/lampp/htdo...')
#6 /opt/lampp/htdocs/hangout/base/lib/Cake/View/View.php(909): View->_evaluate('/opt/lampp/htdo...', Array)
#7 /opt/lampp/htdocs/hangout/base/lib/Cake/View/View.php(471): View->_render('/opt/lampp/htdo...')
#8 /opt/lampp/htdocs/hangout/base/lib/Cake/Controller/Controller.php(948): View->render(NULL, NULL)
#9 /opt/lampp/htdocs/hangout/base/lib/Cake/Routing/Dispatcher.php(194): Controller->render()
#10 /opt/lampp/htdocs/hangout/base/lib/Cake/Routing/Dispatcher.php(162): Dispatcher->_invoke(Object(NoticiasController), Object(CakeRequest), Object(CakeResponse))
#11 /opt/lampp/htdocs/hangout/base/app/webroot/index.php(109): Dispatcher->dispatch(Object(CakeRequest), Object(CakeResponse))
#12 {main}
